@---------------------------------@
************20151201083218************
dsX.Tables[cmdInfo.DataTableName] Rows count :1  cols count:17
@---------------------------------@
 
@---------------------------------@
************20151201083218************
 Clone
@---------------------------------@
 
@---------------------------------@
************20151201083218************
 0 : tbData Rows count :0  cols count:17
@---------------------------------@
 
@---------------------------------@
************20151201083218************
tbData　ok Recordcount :1
@---------------------------------@
 
@---------------------------------@
************20151201083219************
dsX.Tables[cmdInfo.DataTableName] Rows count :1  cols count:15
@---------------------------------@
 
@---------------------------------@
************20151201083219************
 Clone
@---------------------------------@
 
@---------------------------------@
************20151201083219************
 0 : tbData Rows count :0  cols count:15
@---------------------------------@
 
@---------------------------------@
************20151201083219************
tbData　ok Recordcount :1
@---------------------------------@
 
@---------------------------------@
************20151201083219************
tbData　ok Recordcount :0
@---------------------------------@
 
@---------------------------------@
************20151201083219************
ResultTable count:=0 Col count:15
@---------------------------------@
 
@---------------------------------@
************20151201085038************
dsX.Tables[cmdInfo.DataTableName] Rows count :1  cols count:17
@---------------------------------@
 
@---------------------------------@
************20151201085038************
 Clone
@---------------------------------@
 
@---------------------------------@
************20151201085038************
 0 : tbData Rows count :0  cols count:17
@---------------------------------@
 
@---------------------------------@
************20151201085038************
tbData　ok Recordcount :1
@---------------------------------@
 
@---------------------------------@
************20151201085038************
dsX.Tables[cmdInfo.DataTableName] Rows count :1  cols count:15
@---------------------------------@
 
@---------------------------------@
************20151201085038************
 Clone
@---------------------------------@
 
@---------------------------------@
************20151201085038************
 0 : tbData Rows count :0  cols count:15
@---------------------------------@
 
@---------------------------------@
************20151201085038************
tbData　ok Recordcount :1
@---------------------------------@
 
@---------------------------------@
************20151201085038************
tbData　ok Recordcount :0
@---------------------------------@
 
@---------------------------------@
************20151201085038************
ResultTable count:=0 Col count:15
@---------------------------------@
 
@---------------------------------@
************20151201085047************
dsX.Tables[cmdInfo.DataTableName] Rows count :67  cols count:12
@---------------------------------@
 
@---------------------------------@
************20151201085047************
 Clone
@---------------------------------@
 
@---------------------------------@
************20151201085047************
 0 : tbData Rows count :0  cols count:12
@---------------------------------@
 
@---------------------------------@
************20151201085047************
tbData　ok Recordcount :67
@---------------------------------@
 
@---------------------------------@
************20151201085047************
dsX.Tables[cmdInfo.DataTableName] Rows count :1  cols count:1
@---------------------------------@
 
@---------------------------------@
************20151201085047************
 Clone
@---------------------------------@
 
@---------------------------------@
************20151201085047************
 0 : tbData Rows count :0  cols count:1
@---------------------------------@
 
@---------------------------------@
************20151201085047************
tbData　ok Recordcount :1
@---------------------------------@
 
@---------------------------------@
************20151201085047************
tbData　ok Recordcount :0
@---------------------------------@
 
@---------------------------------@
************20151201085047************
ResultTable count:=0 Col count:1
@---------------------------------@
 
@---------------------------------@
************20151201085059************
dsX.Tables[cmdInfo.DataTableName] Rows count :1  cols count:12
@---------------------------------@
 
@---------------------------------@
************20151201085059************
 Clone
@---------------------------------@
 
@---------------------------------@
************20151201085059************
 0 : tbData Rows count :0  cols count:12
@---------------------------------@
 
@---------------------------------@
************20151201085059************
tbData　ok Recordcount :1
@---------------------------------@
 
@---------------------------------@
************20151201085059************
dsX.Tables[cmdInfo.DataTableName] Rows count :6  cols count:12
@---------------------------------@
 
@---------------------------------@
************20151201085059************
 Clone
@---------------------------------@
 
@---------------------------------@
************20151201085059************
 0 : tbData Rows count :0  cols count:12
@---------------------------------@
 
@---------------------------------@
************20151201085059************
tbData　ok Recordcount :6
@---------------------------------@
 
@---------------------------------@
************20151201085059************
dsX.Tables[cmdInfo.DataTableName] Rows count :2  cols count:7
@---------------------------------@
 
@---------------------------------@
************20151201085059************
 Clone
@---------------------------------@
 
@---------------------------------@
************20151201085059************
 0 : tbData Rows count :0  cols count:7
@---------------------------------@
 
@---------------------------------@
************20151201085059************
tbData　ok Recordcount :2
@---------------------------------@
 
@---------------------------------@
************20151201085059************
dsX.Tables[cmdInfo.DataTableName] Rows count :4  cols count:3
@---------------------------------@
 
@---------------------------------@
************20151201085059************
 Clone
@---------------------------------@
 
@---------------------------------@
************20151201085059************
 0 : tbData Rows count :0  cols count:3
@---------------------------------@
 
@---------------------------------@
************20151201085059************
tbData　ok Recordcount :4
@---------------------------------@
 
@---------------------------------@
************20151201085100************
dsX.Tables[cmdInfo.DataTableName] Rows count :10003  cols count:12
@---------------------------------@
 
@---------------------------------@
************20151201085100************
 Clone
@---------------------------------@
 
@---------------------------------@
************20151201085100************
 0 : tbData Rows count :0  cols count:12
@---------------------------------@
 
@---------------------------------@
************20151201085100************
tbData　ok Recordcount :10003
@---------------------------------@
 
@---------------------------------@
************20151201085141************
dsX.Tables[cmdInfo.DataTableName] Rows count :1  cols count:12
@---------------------------------@
 
@---------------------------------@
************20151201085141************
 Clone
@---------------------------------@
 
@---------------------------------@
************20151201085141************
 0 : tbData Rows count :0  cols count:12
@---------------------------------@
 
@---------------------------------@
************20151201085141************
tbData　ok Recordcount :1
@---------------------------------@
 
@---------------------------------@
************20151201090333************
dsX.Tables[cmdInfo.DataTableName] Rows count :1  cols count:12
@---------------------------------@
 
@---------------------------------@
************20151201090333************
 Clone
@---------------------------------@
 
@---------------------------------@
************20151201090333************
 0 : tbData Rows count :0  cols count:12
@---------------------------------@
 
@---------------------------------@
************20151201090333************
tbData　ok Recordcount :1
@---------------------------------@
 
@---------------------------------@
************20151201090333************
dsX.Tables[cmdInfo.DataTableName] Rows count :6  cols count:12
@---------------------------------@
 
@---------------------------------@
************20151201090333************
 Clone
@---------------------------------@
 
@---------------------------------@
************20151201090333************
 0 : tbData Rows count :0  cols count:12
@---------------------------------@
 
@---------------------------------@
************20151201090333************
tbData　ok Recordcount :6
@---------------------------------@
 
@---------------------------------@
************20151201090333************
dsX.Tables[cmdInfo.DataTableName] Rows count :2  cols count:2
@---------------------------------@
 
@---------------------------------@
************20151201090333************
 Clone
@---------------------------------@
 
@---------------------------------@
************20151201090333************
 0 : tbData Rows count :0  cols count:2
@---------------------------------@
 
@---------------------------------@
************20151201090333************
tbData　ok Recordcount :2
@---------------------------------@
 
@---------------------------------@
************20151201090333************
dsX.Tables[cmdInfo.DataTableName] Rows count :4  cols count:2
@---------------------------------@
 
@---------------------------------@
************20151201090333************
 Clone
@---------------------------------@
 
@---------------------------------@
************20151201090333************
 0 : tbData Rows count :0  cols count:2
@---------------------------------@
 
@---------------------------------@
************20151201090333************
tbData　ok Recordcount :4
@---------------------------------@
 
@---------------------------------@
************20151201090333************
dsX.Tables[cmdInfo.DataTableName] Rows count :2  cols count:2
@---------------------------------@
 
@---------------------------------@
************20151201090333************
 Clone
@---------------------------------@
 
@---------------------------------@
************20151201090333************
 0 : tbData Rows count :0  cols count:2
@---------------------------------@
 
@---------------------------------@
************20151201090333************
tbData　ok Recordcount :2
@---------------------------------@
 
@---------------------------------@
************20151201090333************
tbData　ok Recordcount :0
@---------------------------------@
 
@---------------------------------@
************20151201090333************
ResultTable count:=0 Col count:3
@---------------------------------@
 
@---------------------------------@
************20151201090334************
dsX.Tables[cmdInfo.DataTableName] Rows count :16090  cols count:21
@---------------------------------@
 
@---------------------------------@
************20151201090334************
 Clone
@---------------------------------@
 
@---------------------------------@
************20151201090334************
 0 : tbData Rows count :0  cols count:21
@---------------------------------@
 
@---------------------------------@
************20151201090334************
tbData　ok Recordcount :16090
@---------------------------------@
 
@---------------------------------@
************20151201090345************
dsX.Tables[cmdInfo.DataTableName] Rows count :7540  cols count:21
@---------------------------------@
 
@---------------------------------@
************20151201090345************
 Clone
@---------------------------------@
 
@---------------------------------@
************20151201090345************
 0 : tbData Rows count :0  cols count:21
@---------------------------------@
 
@---------------------------------@
************20151201090345************
tbData　ok Recordcount :7540
@---------------------------------@
 
@---------------------------------@
************20151201090350************
dsX.Tables[cmdInfo.DataTableName] Rows count :8550  cols count:21
@---------------------------------@
 
@---------------------------------@
************20151201090350************
 Clone
@---------------------------------@
 
@---------------------------------@
************20151201090350************
 0 : tbData Rows count :0  cols count:21
@---------------------------------@
 
@---------------------------------@
************20151201090350************
tbData　ok Recordcount :8550
@---------------------------------@
 
@---------------------------------@
************20151201090425************
dsX.Tables[cmdInfo.DataTableName] Rows count :1  cols count:12
@---------------------------------@
 
@---------------------------------@
************20151201090425************
 Clone
@---------------------------------@
 
@---------------------------------@
************20151201090425************
 0 : tbData Rows count :0  cols count:12
@---------------------------------@
 
@---------------------------------@
************20151201090425************
tbData　ok Recordcount :1
@---------------------------------@
 
@---------------------------------@
************20151201090425************
dsX.Tables[cmdInfo.DataTableName] Rows count :6  cols count:12
@---------------------------------@
 
@---------------------------------@
************20151201090425************
 Clone
@---------------------------------@
 
@---------------------------------@
************20151201090425************
 0 : tbData Rows count :0  cols count:12
@---------------------------------@
 
@---------------------------------@
************20151201090425************
tbData　ok Recordcount :6
@---------------------------------@
 
@---------------------------------@
************20151201090426************
dsX.Tables[cmdInfo.DataTableName] Rows count :2  cols count:7
@---------------------------------@
 
@---------------------------------@
************20151201090426************
 Clone
@---------------------------------@
 
@---------------------------------@
************20151201090426************
 0 : tbData Rows count :0  cols count:7
@---------------------------------@
 
@---------------------------------@
************20151201090426************
tbData　ok Recordcount :2
@---------------------------------@
 
@---------------------------------@
************20151201090426************
dsX.Tables[cmdInfo.DataTableName] Rows count :4  cols count:3
@---------------------------------@
 
@---------------------------------@
************20151201090426************
 Clone
@---------------------------------@
 
@---------------------------------@
************20151201090426************
 0 : tbData Rows count :0  cols count:3
@---------------------------------@
 
@---------------------------------@
************20151201090426************
tbData　ok Recordcount :4
@---------------------------------@
 
@---------------------------------@
************20151201090426************
dsX.Tables[cmdInfo.DataTableName] Rows count :10003  cols count:12
@---------------------------------@
 
@---------------------------------@
************20151201090426************
 Clone
@---------------------------------@
 
@---------------------------------@
************20151201090426************
 0 : tbData Rows count :0  cols count:12
@---------------------------------@
 
@---------------------------------@
************20151201090426************
tbData　ok Recordcount :10003
@---------------------------------@
 
@---------------------------------@
************20151201090435************
dsX.Tables[cmdInfo.DataTableName] Rows count :8959  cols count:12
@---------------------------------@
 
@---------------------------------@
************20151201090435************
 Clone
@---------------------------------@
 
@---------------------------------@
************20151201090435************
 0 : tbData Rows count :0  cols count:12
@---------------------------------@
 
@---------------------------------@
************20151201090435************
tbData　ok Recordcount :8959
@---------------------------------@
 
@---------------------------------@
************20151201090445************
tbData　ok Recordcount :0
@---------------------------------@
 
@---------------------------------@
************20151201090445************
ResultTable count:=0 Col count:12
@---------------------------------@
 
@---------------------------------@
************20151201090448************
tbData　ok Recordcount :0
@---------------------------------@
 
@---------------------------------@
************20151201090448************
ResultTable count:=0 Col count:12
@---------------------------------@
 
@---------------------------------@
************20151201090451************
tbData　ok Recordcount :0
@---------------------------------@
 
@---------------------------------@
************20151201090451************
ResultTable count:=0 Col count:12
@---------------------------------@
 
@---------------------------------@
************20151201090451************
tbData　ok Recordcount :0
@---------------------------------@
 
@---------------------------------@
************20151201090451************
ResultTable count:=0 Col count:12
@---------------------------------@
 
@---------------------------------@
************20151201090452************
tbData　ok Recordcount :0
@---------------------------------@
 
@---------------------------------@
************20151201090452************
ResultTable count:=0 Col count:12
@---------------------------------@
 
@---------------------------------@
************20151201090452************
tbData　ok Recordcount :0
@---------------------------------@
 
@---------------------------------@
************20151201090452************
ResultTable count:=0 Col count:12
@---------------------------------@
 
@---------------------------------@
************20151201090452************
tbData　ok Recordcount :0
@---------------------------------@
 
@---------------------------------@
************20151201090452************
ResultTable count:=0 Col count:12
@---------------------------------@
 
@---------------------------------@
************20151201090452************
tbData　ok Recordcount :0
@---------------------------------@
 
@---------------------------------@
************20151201090452************
ResultTable count:=0 Col count:12
@---------------------------------@
 
@---------------------------------@
************20151201090452************
tbData　ok Recordcount :0
@---------------------------------@
 
@---------------------------------@
************20151201090452************
ResultTable count:=0 Col count:12
@---------------------------------@
 
@---------------------------------@
************20151201090453************
tbData　ok Recordcount :0
@---------------------------------@
 
@---------------------------------@
************20151201090453************
ResultTable count:=0 Col count:12
@---------------------------------@
 
@---------------------------------@
************20151201090453************
tbData　ok Recordcount :0
@---------------------------------@
 
@---------------------------------@
************20151201090453************
ResultTable count:=0 Col count:12
@---------------------------------@
 
@---------------------------------@
************20151201090453************
tbData　ok Recordcount :0
@---------------------------------@
 
@---------------------------------@
************20151201090453************
ResultTable count:=0 Col count:12
@---------------------------------@
 
@---------------------------------@
************20151201090458************
tbData　ok Recordcount :0
@---------------------------------@
 
@---------------------------------@
************20151201090458************
ResultTable count:=0 Col count:12
@---------------------------------@
 
@---------------------------------@
************20151201090501************
tbData　ok Recordcount :0
@---------------------------------@
 
@---------------------------------@
************20151201090501************
ResultTable count:=0 Col count:12
@---------------------------------@
 
@---------------------------------@
************20151201090502************
tbData　ok Recordcount :0
@---------------------------------@
 
@---------------------------------@
************20151201090502************
ResultTable count:=0 Col count:12
@---------------------------------@
 
@---------------------------------@
************20151201090502************
tbData　ok Recordcount :0
@---------------------------------@
 
@---------------------------------@
************20151201090502************
ResultTable count:=0 Col count:12
@---------------------------------@
 
@---------------------------------@
************20151201090504************
dsX.Tables[cmdInfo.DataTableName] Rows count :10003  cols count:12
@---------------------------------@
 
@---------------------------------@
************20151201090504************
 Clone
@---------------------------------@
 
@---------------------------------@
************20151201090504************
 0 : tbData Rows count :0  cols count:12
@---------------------------------@
 
@---------------------------------@
************20151201090504************
tbData　ok Recordcount :10003
@---------------------------------@
 
@---------------------------------@
************20151225103650************
dsX.Tables[cmdInfo.DataTableName] Rows count :1  cols count:17
@---------------------------------@
 
@---------------------------------@
************20151225103650************
 Clone
@---------------------------------@
 
@---------------------------------@
************20151225103650************
 0 : tbData Rows count :0  cols count:17
@---------------------------------@
 
@---------------------------------@
************20151225103650************
tbData　ok Recordcount :1
@---------------------------------@
 
@---------------------------------@
************20151225103650************
dsX.Tables[cmdInfo.DataTableName] Rows count :1  cols count:15
@---------------------------------@
 
@---------------------------------@
************20151225103650************
 Clone
@---------------------------------@
 
@---------------------------------@
************20151225103650************
 0 : tbData Rows count :0  cols count:15
@---------------------------------@
 
@---------------------------------@
************20151225103650************
tbData　ok Recordcount :1
@---------------------------------@
 
@---------------------------------@
************20151225103650************
dsX.Tables[cmdInfo.DataTableName] Rows count :2  cols count:15
@---------------------------------@
 
@---------------------------------@
************20151225103651************
 Clone
@---------------------------------@
 
@---------------------------------@
************20151225103651************
 0 : tbData Rows count :0  cols count:15
@---------------------------------@
 
@---------------------------------@
************20151225103651************
tbData　ok Recordcount :2
@---------------------------------@
 
@---------------------------------@
************20151225103654************
dsX.Tables[cmdInfo.DataTableName] Rows count :1  cols count:9
@---------------------------------@
 
@---------------------------------@
************20151225103654************
 Clone
@---------------------------------@
 
@---------------------------------@
************20151225103654************
 0 : tbData Rows count :0  cols count:9
@---------------------------------@
 
@---------------------------------@
************20151225103654************
tbData　ok Recordcount :1
@---------------------------------@
 
@---------------------------------@
************20151225103654************
dsX.Tables[cmdInfo.DataTableName] Rows count :34  cols count:12
@---------------------------------@
 
@---------------------------------@
************20151225103654************
 Clone
@---------------------------------@
 
@---------------------------------@
************20151225103654************
 0 : tbData Rows count :0  cols count:12
@---------------------------------@
 
@---------------------------------@
************20151225103654************
tbData　ok Recordcount :34
@---------------------------------@
 
@---------------------------------@
************20151225103654************
dsX.Tables[cmdInfo.DataTableName] Rows count :1  cols count:1
@---------------------------------@
 
@---------------------------------@
************20151225103654************
 Clone
@---------------------------------@
 
@---------------------------------@
************20151225103654************
 0 : tbData Rows count :0  cols count:1
@---------------------------------@
 
@---------------------------------@
************20151225103654************
tbData　ok Recordcount :1
@---------------------------------@
 
@---------------------------------@
************20151225103654************
tbData　ok Recordcount :0
@---------------------------------@
 
@---------------------------------@
************20151225103654************
ResultTable count:=0 Col count:1
@---------------------------------@
 
@---------------------------------@
************20151225103657************
dsX.Tables[cmdInfo.DataTableName] Rows count :1  cols count:12
@---------------------------------@
 
@---------------------------------@
************20151225103657************
 Clone
@---------------------------------@
 
@---------------------------------@
************20151225103657************
 0 : tbData Rows count :0  cols count:12
@---------------------------------@
 
@---------------------------------@
************20151225103657************
tbData　ok Recordcount :1
@---------------------------------@
 
@---------------------------------@
************20151225103657************
dsX.Tables[cmdInfo.DataTableName] Rows count :2  cols count:6
@---------------------------------@
 
@---------------------------------@
************20151225103657************
 Clone
@---------------------------------@
 
@---------------------------------@
************20151225103657************
 0 : tbData Rows count :0  cols count:6
@---------------------------------@
 
@---------------------------------@
************20151225103657************
tbData　ok Recordcount :2
@---------------------------------@
 
@---------------------------------@
************20151225103657************
dsX.Tables[cmdInfo.DataTableName] Rows count :2  cols count:1
@---------------------------------@
 
@---------------------------------@
************20151225103657************
 Clone
@---------------------------------@
 
@---------------------------------@
************20151225103657************
 0 : tbData Rows count :0  cols count:1
@---------------------------------@
 
@---------------------------------@
************20151225103657************
tbData　ok Recordcount :2
@---------------------------------@
 
@---------------------------------@
************20151225103657************
tbData　ok Recordcount :0
@---------------------------------@
 
@---------------------------------@
************20151225103657************
ResultTable count:=0 Col count:22
@---------------------------------@
 
@---------------------------------@
************20151225103657************
dsX.Tables[cmdInfo.DataTableName] Rows count :1  cols count:1
@---------------------------------@
 
@---------------------------------@
************20151225103657************
 Clone
@---------------------------------@
 
@---------------------------------@
************20151225103657************
 0 : tbData Rows count :0  cols count:1
@---------------------------------@
 
@---------------------------------@
************20151225103657************
tbData　ok Recordcount :1
@---------------------------------@
 
@---------------------------------@
************20151225103657************
tbData　ok Recordcount :0
@---------------------------------@
 
@---------------------------------@
************20151225103657************
ResultTable count:=0 Col count:22
@---------------------------------@
 
@---------------------------------@
************20151225103657************
tbData　ok Recordcount :0
@---------------------------------@
 
@---------------------------------@
************20151225103657************
ResultTable count:=0 Col count:31
@---------------------------------@
 
@---------------------------------@
************20151225103700************
dsX.Tables[cmdInfo.DataTableName] Rows count :2  cols count:22
@---------------------------------@
 
@---------------------------------@
************20151225103700************
 Clone
@---------------------------------@
 
@---------------------------------@
************20151225103700************
 0 : tbData Rows count :0  cols count:22
@---------------------------------@
 
@---------------------------------@
************20151225103700************
tbData　ok Recordcount :2
@---------------------------------@
 
@---------------------------------@
************20151225103700************
dsX.Tables[cmdInfo.DataTableName] Rows count :1  cols count:1
@---------------------------------@
 
@---------------------------------@
************20151225103700************
 Clone
@---------------------------------@
 
@---------------------------------@
************20151225103700************
 0 : tbData Rows count :0  cols count:1
@---------------------------------@
 
@---------------------------------@
************20151225103700************
tbData　ok Recordcount :1
@---------------------------------@
 
@---------------------------------@
************20151225103700************
dsX.Tables[cmdInfo.DataTableName] Rows count :54  cols count:15
@---------------------------------@
 
@---------------------------------@
************20151225103700************
 Clone
@---------------------------------@
 
@---------------------------------@
************20151225103700************
 0 : tbData Rows count :0  cols count:15
@---------------------------------@
 
@---------------------------------@
************20151225103700************
tbData　ok Recordcount :54
@---------------------------------@
 
@---------------------------------@
************20151225103701************
dsX.Tables[cmdInfo.DataTableName] Rows count :1  cols count:1
@---------------------------------@
 
@---------------------------------@
************20151225103701************
 Clone
@---------------------------------@
 
@---------------------------------@
************20151225103701************
 0 : tbData Rows count :0  cols count:1
@---------------------------------@
 
@---------------------------------@
************20151225103701************
tbData　ok Recordcount :1
@---------------------------------@
 
@---------------------------------@
************20151225103701************
dsX.Tables[cmdInfo.DataTableName] Rows count :54  cols count:15
@---------------------------------@
 
@---------------------------------@
************20151225103701************
 Clone
@---------------------------------@
 
@---------------------------------@
************20151225103701************
 0 : tbData Rows count :0  cols count:15
@---------------------------------@
 
@---------------------------------@
************20151225103701************
tbData　ok Recordcount :54
@---------------------------------@
 
@---------------------------------@
************20151225103702************
dsX.Tables[cmdInfo.DataTableName] Rows count :1  cols count:2
@---------------------------------@
 
@---------------------------------@
************20151225103702************
 Clone
@---------------------------------@
 
@---------------------------------@
************20151225103702************
 0 : tbData Rows count :0  cols count:2
@---------------------------------@
 
@---------------------------------@
************20151225103702************
tbData　ok Recordcount :1
@---------------------------------@
 
@---------------------------------@
************20151225103702************
dsX.Tables[cmdInfo.DataTableName] Rows count :1  cols count:2
@---------------------------------@
 
@---------------------------------@
************20151225103702************
 Clone
@---------------------------------@
 
@---------------------------------@
************20151225103702************
 0 : tbData Rows count :0  cols count:2
@---------------------------------@
 
@---------------------------------@
************20151225103702************
tbData　ok Recordcount :1
@---------------------------------@
 
@---------------------------------@
************20151225103706************
dsX.Tables[cmdInfo.DataTableName] Rows count :1  cols count:2
@---------------------------------@
 
@---------------------------------@
************20151225103706************
 Clone
@---------------------------------@
 
@---------------------------------@
************20151225103706************
 0 : tbData Rows count :0  cols count:2
@---------------------------------@
 
@---------------------------------@
************20151225103706************
tbData　ok Recordcount :1
@---------------------------------@
 
@---------------------------------@
************20151225103706************
dsX.Tables[cmdInfo.DataTableName] Rows count :1  cols count:2
@---------------------------------@
 
@---------------------------------@
************20151225103706************
 Clone
@---------------------------------@
 
@---------------------------------@
************20151225103706************
 0 : tbData Rows count :0  cols count:2
@---------------------------------@
 
@---------------------------------@
************20151225103706************
tbData　ok Recordcount :1
@---------------------------------@
 
@---------------------------------@
************20151225104050************
dsX.Tables[cmdInfo.DataTableName] Rows count :1  cols count:2
@---------------------------------@
 
@---------------------------------@
************20151225104050************
 Clone
@---------------------------------@
 
@---------------------------------@
************20151225104050************
 0 : tbData Rows count :0  cols count:2
@---------------------------------@
 
@---------------------------------@
************20151225104050************
tbData　ok Recordcount :1
@---------------------------------@
 
@---------------------------------@
************20151225104050************
dsX.Tables[cmdInfo.DataTableName] Rows count :1  cols count:2
@---------------------------------@
 
@---------------------------------@
************20151225104050************
 Clone
@---------------------------------@
 
@---------------------------------@
************20151225104050************
 0 : tbData Rows count :0  cols count:2
@---------------------------------@
 
@---------------------------------@
************20151225104050************
tbData　ok Recordcount :1
@---------------------------------@
 
@---------------------------------@
************20151225104051************
dsX.Tables[cmdInfo.DataTableName] Rows count :1  cols count:22
@---------------------------------@
 
@---------------------------------@
************20151225104051************
 Clone
@---------------------------------@
 
@---------------------------------@
************20151225104051************
 0 : tbData Rows count :0  cols count:22
@---------------------------------@
 
@---------------------------------@
************20151225104051************
tbData　ok Recordcount :1
@---------------------------------@
 
@---------------------------------@
************20151225104051************
dsX.Tables[cmdInfo.DataTableName] Rows count :1  cols count:1
@---------------------------------@
 
@---------------------------------@
************20151225104051************
 Clone
@---------------------------------@
 
@---------------------------------@
************20151225104051************
 0 : tbData Rows count :0  cols count:1
@---------------------------------@
 
@---------------------------------@
************20151225104051************
tbData　ok Recordcount :1
@---------------------------------@
 
@---------------------------------@
************20151225104051************
dsX.Tables[cmdInfo.DataTableName] Rows count :54  cols count:15
@---------------------------------@
 
@---------------------------------@
************20151225104051************
 Clone
@---------------------------------@
 
@---------------------------------@
************20151225104051************
 0 : tbData Rows count :0  cols count:15
@---------------------------------@
 
@---------------------------------@
************20151225104051************
tbData　ok Recordcount :54
@---------------------------------@
 
@---------------------------------@
************20151225104051************
dsX.Tables[cmdInfo.DataTableName] Rows count :1  cols count:31
@---------------------------------@
 
@---------------------------------@
************20151225104051************
 Clone
@---------------------------------@
 
@---------------------------------@
************20151225104051************
 0 : tbData Rows count :0  cols count:31
@---------------------------------@
 
@---------------------------------@
************20151225104051************
tbData　ok Recordcount :1
@---------------------------------@
 
@---------------------------------@
************20151225104103************
dsX.Tables[cmdInfo.DataTableName] Rows count :1  cols count:2
@---------------------------------@
 
@---------------------------------@
************20151225104103************
 Clone
@---------------------------------@
 
@---------------------------------@
************20151225104103************
 0 : tbData Rows count :0  cols count:2
@---------------------------------@
 
@---------------------------------@
************20151225104103************
tbData　ok Recordcount :1
@---------------------------------@
 
@---------------------------------@
************20151225104106************
dsX.Tables[cmdInfo.DataTableName] Rows count :1  cols count:2
@---------------------------------@
 
@---------------------------------@
************20151225104106************
 Clone
@---------------------------------@
 
@---------------------------------@
************20151225104106************
 0 : tbData Rows count :0  cols count:2
@---------------------------------@
 
@---------------------------------@
************20151225104106************
tbData　ok Recordcount :1
@---------------------------------@
 
@---------------------------------@
************20151225104107************
tbData　ok Recordcount :0
@---------------------------------@
 
@---------------------------------@
************20151225104107************
ResultTable count:=0 Col count:31
@---------------------------------@
 
@---------------------------------@
************20151225104109************
tbData　ok Recordcount :0
@---------------------------------@
 
@---------------------------------@
************20151225104109************
ResultTable count:=0 Col count:31
@---------------------------------@
 
@---------------------------------@
************20151225104109************
dsX.Tables[cmdInfo.DataTableName] Rows count :2  cols count:22
@---------------------------------@
 
@---------------------------------@
************20151225104109************
 Clone
@---------------------------------@
 
@---------------------------------@
************20151225104109************
 0 : tbData Rows count :0  cols count:22
@---------------------------------@
 
@---------------------------------@
************20151225104109************
tbData　ok Recordcount :2
@---------------------------------@
 
@---------------------------------@
************20151225104109************
dsX.Tables[cmdInfo.DataTableName] Rows count :1  cols count:1
@---------------------------------@
 
@---------------------------------@
************20151225104109************
 Clone
@---------------------------------@
 
@---------------------------------@
************20151225104109************
 0 : tbData Rows count :0  cols count:1
@---------------------------------@
 
@---------------------------------@
************20151225104109************
tbData　ok Recordcount :1
@---------------------------------@
 
@---------------------------------@
************20151225104109************
dsX.Tables[cmdInfo.DataTableName] Rows count :54  cols count:15
@---------------------------------@
 
@---------------------------------@
************20151225104109************
 Clone
@---------------------------------@
 
@---------------------------------@
************20151225104109************
 0 : tbData Rows count :0  cols count:15
@---------------------------------@
 
@---------------------------------@
************20151225104109************
tbData　ok Recordcount :54
@---------------------------------@
 
@---------------------------------@
************20151225104110************
dsX.Tables[cmdInfo.DataTableName] Rows count :1  cols count:1
@---------------------------------@
 
@---------------------------------@
************20151225104110************
 Clone
@---------------------------------@
 
@---------------------------------@
************20151225104110************
 0 : tbData Rows count :0  cols count:1
@---------------------------------@
 
@---------------------------------@
************20151225104110************
tbData　ok Recordcount :1
@---------------------------------@
 
@---------------------------------@
************20151225104110************
dsX.Tables[cmdInfo.DataTableName] Rows count :54  cols count:15
@---------------------------------@
 
@---------------------------------@
************20151225104110************
 Clone
@---------------------------------@
 
@---------------------------------@
************20151225104110************
 0 : tbData Rows count :0  cols count:15
@---------------------------------@
 
@---------------------------------@
************20151225104110************
tbData　ok Recordcount :54
@---------------------------------@
 
